1718965679383|18|statement|select * from information_schema.sequences
1718965679425|0|statement|select * from "public"."types" where 1=0
1718965679432|0|statement|select * from "public"."users" where 1=0
1718965679452|0|statement|select * from "public"."events" where 1=0
1718965679457|0|statement|select * from "public"."users" where 1=0
1718965679468|0|statement|select * from "public"."users" where 1=0
1718965680488|1|statement|select count(*) from types t1_0
1718965680490|0|commit|
1718965680492|0|statement|select count(*) from users u1_0
1718965680494|0|commit|
1718965680495|0|statement|select count(*) from events e1_0
1718965680495|0|commit|
1718965680497|0|statement|select count(*) from rates r1_0
1718965680497|0|commit|
1718965684598|2|statement|select e1_0.id_event,e1_0.address,e1_0.datetime,e1_0.number_of_places,e1_0.organizer_id,e1_0.price,e1_0.type_id from events e1_0 left join participants_events p1_0 on e1_0.id_event=p1_0.event_id group by e1_0.id_event having count(p1_0.user_id)<e1_0.number_of_places order by e1_0.datetime desc offset 0 rows fetch first 10 rows only
1718965684616|0|statement|select count(e1_0.id_event) from events e1_0 left join participants_events p1_0 on e1_0.id_event=p1_0.event_id group by e1_0.id_event having count(p1_0.user_id)<e1_0.number_of_places
1718965684623|0|statement|select p1_0.event_id,p1_1.id_user,p1_1.address,p1_1.age,p1_1.bio,p1_1.city,p1_1.email,p1_1.firstname,p1_1.lastname,p1_1.password,p1_1.profile_picture,p1_1.region,p1_1.username from participants_events p1_0 join users p1_1 on p1_1.id_user=p1_0.user_id where p1_0.event_id=11
1718965684627|0|statement|select t1_0.id_type,t1_0.type from types t1_0 where t1_0.id_type=2
1718965684642|0|statement|select u1_0.id_user,u1_0.address,u1_0.age,u1_0.bio,u1_0.city,u1_0.email,u1_0.firstname,u1_0.lastname,u1_0.password,u1_0.profile_picture,u1_0.region,u1_0.username from users u1_0 where u1_0.id_user=3
1718965684643|0|statement|select p1_0.event_id,p1_1.id_user,p1_1.address,p1_1.age,p1_1.bio,p1_1.city,p1_1.email,p1_1.firstname,p1_1.lastname,p1_1.password,p1_1.profile_picture,p1_1.region,p1_1.username from participants_events p1_0 join users p1_1 on p1_1.id_user=p1_0.user_id where p1_0.event_id=9
1718965684646|0|statement|select t1_0.id_type,t1_0.type from types t1_0 where t1_0.id_type=1
1718965684647|0|statement|select u1_0.id_user,u1_0.address,u1_0.age,u1_0.bio,u1_0.city,u1_0.email,u1_0.firstname,u1_0.lastname,u1_0.password,u1_0.profile_picture,u1_0.region,u1_0.username from users u1_0 where u1_0.id_user=4
1718965684648|0|statement|select p1_0.event_id,p1_1.id_user,p1_1.address,p1_1.age,p1_1.bio,p1_1.city,p1_1.email,p1_1.firstname,p1_1.lastname,p1_1.password,p1_1.profile_picture,p1_1.region,p1_1.username from participants_events p1_0 join users p1_1 on p1_1.id_user=p1_0.user_id where p1_0.event_id=3
1718965684650|0|statement|select p1_0.event_id,p1_1.id_user,p1_1.address,p1_1.age,p1_1.bio,p1_1.city,p1_1.email,p1_1.firstname,p1_1.lastname,p1_1.password,p1_1.profile_picture,p1_1.region,p1_1.username from participants_events p1_0 join users p1_1 on p1_1.id_user=p1_0.user_id where p1_0.event_id=19
1718965684651|0|statement|select p1_0.event_id,p1_1.id_user,p1_1.address,p1_1.age,p1_1.bio,p1_1.city,p1_1.email,p1_1.firstname,p1_1.lastname,p1_1.password,p1_1.profile_picture,p1_1.region,p1_1.username from participants_events p1_0 join users p1_1 on p1_1.id_user=p1_0.user_id where p1_0.event_id=20
1718965684652|0|statement|select p1_0.event_id,p1_1.id_user,p1_1.address,p1_1.age,p1_1.bio,p1_1.city,p1_1.email,p1_1.firstname,p1_1.lastname,p1_1.password,p1_1.profile_picture,p1_1.region,p1_1.username from participants_events p1_0 join users p1_1 on p1_1.id_user=p1_0.user_id where p1_0.event_id=15
1718965684653|0|statement|select p1_0.event_id,p1_1.id_user,p1_1.address,p1_1.age,p1_1.bio,p1_1.city,p1_1.email,p1_1.firstname,p1_1.lastname,p1_1.password,p1_1.profile_picture,p1_1.region,p1_1.username from participants_events p1_0 join users p1_1 on p1_1.id_user=p1_0.user_id where p1_0.event_id=16
1718965684655|0|statement|select p1_0.event_id,p1_1.id_user,p1_1.address,p1_1.age,p1_1.bio,p1_1.city,p1_1.email,p1_1.firstname,p1_1.lastname,p1_1.password,p1_1.profile_picture,p1_1.region,p1_1.username from participants_events p1_0 join users p1_1 on p1_1.id_user=p1_0.user_id where p1_0.event_id=1
1718965684656|0|statement|select p1_0.event_id,p1_1.id_user,p1_1.address,p1_1.age,p1_1.bio,p1_1.city,p1_1.email,p1_1.firstname,p1_1.lastname,p1_1.password,p1_1.profile_picture,p1_1.region,p1_1.username from participants_events p1_0 join users p1_1 on p1_1.id_user=p1_0.user_id where p1_0.event_id=8
1718965684657|0|statement|select p1_0.event_id,p1_1.id_user,p1_1.address,p1_1.age,p1_1.bio,p1_1.city,p1_1.email,p1_1.firstname,p1_1.lastname,p1_1.password,p1_1.profile_picture,p1_1.region,p1_1.username from participants_events p1_0 join users p1_1 on p1_1.id_user=p1_0.user_id where p1_0.event_id=10
1718965750632|7|statement|select * from information_schema.sequences
1718965750669|0|statement|select * from "public"."types" where 1=0
1718965750675|0|statement|select * from "public"."users" where 1=0
1718965750689|0|statement|select * from "public"."events" where 1=0
1718965750693|0|statement|select * from "public"."users" where 1=0
1718965750704|0|statement|select * from "public"."users" where 1=0
1718965751711|1|statement|select count(*) from types t1_0
1718965751713|0|commit|
1718965751715|0|statement|select count(*) from users u1_0
1718965751715|0|commit|
1718965751717|0|statement|select count(*) from events e1_0
1718965751717|0|commit|
1718965751719|0|statement|select count(*) from rates r1_0
1718965751719|0|commit|
1718965758201|2|statement|select e1_0.id_event,e1_0.address,e1_0.datetime,e1_0.number_of_places,e1_0.organizer_id,e1_0.price,e1_0.type_id from events e1_0 left join participants_events p1_0 on e1_0.id_event=p1_0.event_id group by e1_0.id_event having count(p1_0.user_id)<e1_0.number_of_places order by e1_0.datetime desc offset 0 rows fetch first 10 rows only
1718965758218|1|statement|select count(e1_0.id_event) from events e1_0 left join participants_events p1_0 on e1_0.id_event=p1_0.event_id group by e1_0.id_event having count(p1_0.user_id)<e1_0.number_of_places
1718965758232|1|statement|select p1_0.event_id,p1_1.id_user,p1_1.address,p1_1.age,p1_1.bio,p1_1.city,p1_1.email,p1_1.firstname,p1_1.lastname,p1_1.password,p1_1.profile_picture,p1_1.region,p1_1.username from participants_events p1_0 join users p1_1 on p1_1.id_user=p1_0.user_id where p1_0.event_id = any ('{"11","9","3","19","20","15","16","1","8","10"}')
1718965758241|0|statement|select t1_0.id_type,t1_0.type from types t1_0 where t1_0.id_type=2
1718965758242|0|statement|select t1_0.id_type,t1_0.type from types t1_0 where t1_0.id_type=1
1718965831952|7|statement|select * from information_schema.sequences
1718965831988|0|statement|select * from "public"."types" where 1=0
1718965831994|0|statement|select * from "public"."users" where 1=0
1718965832010|0|statement|select * from "public"."events" where 1=0
1718965832014|0|statement|select * from "public"."users" where 1=0
1718965832024|0|statement|select * from "public"."users" where 1=0
1718965833053|11|statement|select count(*) from types t1_0
1718965833056|0|commit|
1718965833059|0|statement|select count(*) from users u1_0
1718965833059|0|commit|
1718965833060|0|statement|select count(*) from events e1_0
1718965833061|0|commit|
1718965833062|0|statement|select count(*) from rates r1_0
1718965833063|0|commit|
